<?xml version="1.0" encoding="UTF-8"?>
<testng-results ignored="0" total="11" passed="11" failed="0" skipped="0">
  <reporter-output>
  </reporter-output>
  <suite started-at="2025-12-02T17:45:07 IST" name="Suite" finished-at="2025-12-02T17:49:52 IST" duration-ms="285860">
    <groups>
      <group name="cucumber">
        <method signature="AbstractTestNGCucumberTests.runScenario(io.cucumber.testng.PickleWrapper, io.cucumber.testng.FeatureWrapper)[pri:0, instance:testrunner@6c779568]" name="runScenario" class="io.cucumber.testng.AbstractTestNGCucumberTests"/>
      </group> <!-- cucumber -->
    </groups>
    <test started-at="2025-12-02T17:45:07 IST" name="testrunner" finished-at="2025-12-02T17:49:52 IST" duration-ms="285860">
      <class name="utilities.reportGenerator">
        <test-method is-config="true" signature="startReport()[pri:0, instance:utilities.reportGenerator@6f27a732]" started-at="2025-12-02T17:45:06 IST" name="startReport" finished-at="2025-12-02T17:45:07 IST" duration-ms="139" status="PASS">
          <reporter-output>
          </reporter-output>
        </test-method> <!-- startReport -->
        <test-method is-config="true" signature="endReport()[pri:0, instance:utilities.reportGenerator@6f27a732]" started-at="2025-12-02T17:49:52 IST" name="endReport" finished-at="2025-12-02T17:49:53 IST" duration-ms="199" status="PASS">
          <reporter-output>
          </reporter-output>
        </test-method> <!-- endReport -->
      </class> <!-- utilities.reportGenerator -->
      <class name="testrunner">
        <test-method is-config="true" signature="setUpClass()[pri:0, instance:testrunner@6c779568]" started-at="2025-12-02T17:45:07 IST" name="setUpClass" finished-at="2025-12-02T17:45:07 IST" duration-ms="523" status="PASS">
          <reporter-output>
          </reporter-output>
        </test-method> <!-- setUpClass -->
        <test-method signature="runScenario(io.cucumber.testng.PickleWrapper, io.cucumber.testng.FeatureWrapper)[pri:0, instance:testrunner@6c779568]" started-at="2025-12-02T17:45:07 IST" name="runScenario" description="Runs Cucumber Scenarios" data-provider="scenarios" finished-at="2025-12-02T17:45:30 IST" duration-ms="22916" status="PASS">
          <params>
            <param index="0">
              <value>
                <![CDATA["Verify OS filter for multiple OS types"]]>
              </value>
            </param>
            <param index="1">
              <value>
                <![CDATA["Optional[user view product by filters]"]]>
              </value>
            </param>
          </params>
          <reporter-output>
          </reporter-output>
        </test-method> <!-- runScenario -->
        <test-method signature="runScenario(io.cucumber.testng.PickleWrapper, io.cucumber.testng.FeatureWrapper)[pri:0, instance:testrunner@6c779568]" started-at="2025-12-02T17:45:30 IST" name="runScenario" description="Runs Cucumber Scenarios" data-provider="scenarios" finished-at="2025-12-02T17:45:51 IST" duration-ms="20989" status="PASS">
          <params>
            <param index="0">
              <value>
                <![CDATA["Verify OS filter for multiple OS types"]]>
              </value>
            </param>
            <param index="1">
              <value>
                <![CDATA["Optional[user view product by filters]"]]>
              </value>
            </param>
          </params>
          <reporter-output>
          </reporter-output>
        </test-method> <!-- runScenario -->
        <test-method signature="runScenario(io.cucumber.testng.PickleWrapper, io.cucumber.testng.FeatureWrapper)[pri:0, instance:testrunner@6c779568]" started-at="2025-12-02T17:45:51 IST" name="runScenario" description="Runs Cucumber Scenarios" data-provider="scenarios" finished-at="2025-12-02T17:46:12 IST" duration-ms="21111" status="PASS">
          <params>
            <param index="0">
              <value>
                <![CDATA["Verify OS filter for multiple OS types"]]>
              </value>
            </param>
            <param index="1">
              <value>
                <![CDATA["Optional[user view product by filters]"]]>
              </value>
            </param>
          </params>
          <reporter-output>
          </reporter-output>
        </test-method> <!-- runScenario -->
        <test-method signature="runScenario(io.cucumber.testng.PickleWrapper, io.cucumber.testng.FeatureWrapper)[pri:0, instance:testrunner@6c779568]" started-at="2025-12-02T17:46:12 IST" name="runScenario" description="Runs Cucumber Scenarios" data-provider="scenarios" finished-at="2025-12-02T17:46:34 IST" duration-ms="21480" status="PASS">
          <params>
            <param index="0">
              <value>
                <![CDATA["Verify OS filter for multiple OS types"]]>
              </value>
            </param>
            <param index="1">
              <value>
                <![CDATA["Optional[user view product by filters]"]]>
              </value>
            </param>
          </params>
          <reporter-output>
          </reporter-output>
        </test-method> <!-- runScenario -->
        <test-method signature="runScenario(io.cucumber.testng.PickleWrapper, io.cucumber.testng.FeatureWrapper)[pri:0, instance:testrunner@6c779568]" started-at="2025-12-02T17:46:34 IST" name="runScenario" description="Runs Cucumber Scenarios" data-provider="scenarios" finished-at="2025-12-02T17:46:52 IST" duration-ms="17983" status="PASS">
          <params>
            <param index="0">
              <value>
                <![CDATA["User filters laptops by the processor"]]>
              </value>
            </param>
            <param index="1">
              <value>
                <![CDATA["Optional[user view product by filters]"]]>
              </value>
            </param>
          </params>
          <reporter-output>
          </reporter-output>
        </test-method> <!-- runScenario -->
        <test-method signature="runScenario(io.cucumber.testng.PickleWrapper, io.cucumber.testng.FeatureWrapper)[pri:0, instance:testrunner@6c779568]" started-at="2025-12-02T17:46:52 IST" name="runScenario" description="Runs Cucumber Scenarios" data-provider="scenarios" finished-at="2025-12-02T17:47:09 IST" duration-ms="17884" status="PASS">
          <params>
            <param index="0">
              <value>
                <![CDATA["Login with valid value"]]>
              </value>
            </param>
            <param index="1">
              <value>
                <![CDATA["Optional[Login to the application]"]]>
              </value>
            </param>
          </params>
          <reporter-output>
          </reporter-output>
        </test-method> <!-- runScenario -->
        <test-method signature="runScenario(io.cucumber.testng.PickleWrapper, io.cucumber.testng.FeatureWrapper)[pri:0, instance:testrunner@6c779568]" started-at="2025-12-02T17:47:09 IST" name="runScenario" description="Runs Cucumber Scenarios" data-provider="scenarios" finished-at="2025-12-02T17:47:27 IST" duration-ms="17676" status="PASS">
          <params>
            <param index="0">
              <value>
                <![CDATA["login with invalid value"]]>
              </value>
            </param>
            <param index="1">
              <value>
                <![CDATA["Optional[Login to the application]"]]>
              </value>
            </param>
          </params>
          <reporter-output>
          </reporter-output>
        </test-method> <!-- runScenario -->
        <test-method signature="runScenario(io.cucumber.testng.PickleWrapper, io.cucumber.testng.FeatureWrapper)[pri:0, instance:testrunner@6c779568]" started-at="2025-12-02T17:47:27 IST" name="runScenario" description="Runs Cucumber Scenarios" data-provider="scenarios" finished-at="2025-12-02T17:48:04 IST" duration-ms="36345" status="PASS">
          <params>
            <param index="0">
              <value>
                <![CDATA["User enters valid SafePay credentials"]]>
              </value>
            </param>
            <param index="1">
              <value>
                <![CDATA["Optional[SafePay Payment Validation]"]]>
              </value>
            </param>
          </params>
          <reporter-output>
          </reporter-output>
        </test-method> <!-- runScenario -->
        <test-method signature="runScenario(io.cucumber.testng.PickleWrapper, io.cucumber.testng.FeatureWrapper)[pri:0, instance:testrunner@6c779568]" started-at="2025-12-02T17:48:04 IST" name="runScenario" description="Runs Cucumber Scenarios" data-provider="scenarios" finished-at="2025-12-02T17:48:48 IST" duration-ms="44571" status="PASS">
          <params>
            <param index="0">
              <value>
                <![CDATA["User enters invalid SafePay credentials"]]>
              </value>
            </param>
            <param index="1">
              <value>
                <![CDATA["Optional[SafePay Payment Validation]"]]>
              </value>
            </param>
          </params>
          <reporter-output>
          </reporter-output>
        </test-method> <!-- runScenario -->
        <test-method signature="runScenario(io.cucumber.testng.PickleWrapper, io.cucumber.testng.FeatureWrapper)[pri:0, instance:testrunner@6c779568]" started-at="2025-12-02T17:48:48 IST" name="runScenario" description="Runs Cucumber Scenarios" data-provider="scenarios" finished-at="2025-12-02T17:49:24 IST" duration-ms="35796" status="PASS">
          <params>
            <param index="0">
              <value>
                <![CDATA["check available products details"]]>
              </value>
            </param>
            <param index="1">
              <value>
                <![CDATA["Optional[Check product details]"]]>
              </value>
            </param>
          </params>
          <reporter-output>
          </reporter-output>
        </test-method> <!-- runScenario -->
        <test-method signature="runScenario(io.cucumber.testng.PickleWrapper, io.cucumber.testng.FeatureWrapper)[pri:0, instance:testrunner@6c779568]" started-at="2025-12-02T17:49:24 IST" name="runScenario" description="Runs Cucumber Scenarios" data-provider="scenarios" finished-at="2025-12-02T17:49:52 IST" duration-ms="28491" status="PASS">
          <params>
            <param index="0">
              <value>
                <![CDATA["check unavailable products details"]]>
              </value>
            </param>
            <param index="1">
              <value>
                <![CDATA["Optional[Check product details]"]]>
              </value>
            </param>
          </params>
          <reporter-output>
          </reporter-output>
        </test-method> <!-- runScenario -->
        <test-method is-config="true" signature="tearDownClass()[pri:0, instance:testrunner@6c779568]" started-at="2025-12-02T17:49:52 IST" name="tearDownClass" finished-at="2025-12-02T17:49:52 IST" duration-ms="54" status="PASS">
          <reporter-output>
          </reporter-output>
        </test-method> <!-- tearDownClass -->
      </class> <!-- testrunner -->
    </test> <!-- testrunner -->
  </suite> <!-- Suite -->
</testng-results>
