<?xml version="1.0" encoding="UTF-8"?>
<testsuite xmlns:xsi="http://www.w3.org/2001/XMLSchema-instance" xsi:noNamespaceSchemaLocation="https://maven.apache.org/surefire/maven-surefire-plugin/xsd/surefire-test-report.xsd" version="3.0.2" name="TestSuite" time="301.688" tests="11" errors="0" skipped="0" failures="2">
  <properties>
[...]
</properties>
  <testcase name="runScenario[&quot;Verify OS filter for multiple OS types&quot;, &quot;user view product by filters&quot;](1)" classname="testrunner" time="21.576">
    <system-out><![CDATA[15:42:56.809 [main] DEBUG org.testng.TestNG - suiteXmlPath: "D:\selenium demo\capstone_project\src\test\java\testng.xml"
15:42:56.881 [main] INFO org.testng.internal.Utils - [XmlSuite] [WARN] 'parallel' value 'false' is no longer valid, defaulting to 'none'.
The user in the Home page
The user selects the laptop page
The user selects the OS filter
The laptop filter worked correctly
]]></system-out>
  </testcase>
  <testcase name="runScenario[&quot;Verify OS filter for multiple OS types&quot;, &quot;user view product by filters&quot;](2)" classname="testrunner" time="20.792">
    <system-out><![CDATA[The user in the Home page
The user selects the laptop page
The user selects the OS filter
The laptop filter worked correctly
]]></system-out>
  </testcase>
  <testcase name="runScenario[&quot;Verify OS filter for multiple OS types&quot;, &quot;user view product by filters&quot;](3)" classname="testrunner" time="20.874">
    <system-out><![CDATA[The user in the Home page
The user selects the laptop page
The user selects the OS filter
The laptop filter worked correctly
]]></system-out>
  </testcase>
  <testcase name="runScenario[&quot;Verify OS filter for multiple OS types&quot;, &quot;user view product by filters&quot;](4)" classname="testrunner" time="22.122">
    <failure message="element click intercepted: Element &lt;li ng-repeat=&quot;product in [] | productsFilterForCategoriesProduct:searchResult:minPriceToFilter:maxPriceToFilter:productsInclude&quot; ng-click=&quot;$location.path(&apos;/product/&apos; + product.productId)&quot; class=&quot;ng-scope&quot;&gt;...&lt;/li&gt; is not clickable at point (357, 102). Other element would receive the click: &lt;nav class=&quot;pages categoryDataFixedNav fixed&quot; data-ng-class=&quot;{ fixedImportant : viewAll }&quot;&gt;...&lt;/nav&gt;&#10;  (Session info: MicrosoftEdge=142.0.3595.94)&#10;Build info: version: &apos;4.38.0&apos;, revision: &apos;6b412e825c*&apos;&#10;System info: os.name: &apos;Windows 10&apos;, os.arch: &apos;amd64&apos;, os.version: &apos;10.0&apos;, java.version: &apos;21.0.8&apos;&#10;Driver info: org.openqa.selenium.edge.EdgeDriver&#10;Command: [1077acfd2efe67c2e2632f761ca05d19, clickElement {id=f.D596AE892E756457637C76CFB4CF9D9D.d.1AEF09113186797733F9651BE5550B29.e.122}]&#10;Capabilities {acceptInsecureCerts: false, browserName: MicrosoftEdge, browserVersion: 142.0.3595.94, fedcm:accounts: true, goog:processID: 5812, ms:edgeOptions: {debuggerAddress: localhost:53604}, msedge: {msedgedriverVersion: 142.0.3595.94 (6565d6e52817..., userDataDir: C:\Windows\SystemTemp\scope...}, networkConnectionEnabled: false, pageLoadStrategy: normal, platformName: windows, proxy: Proxy(), se:cdp: ws://localhost:53604/devtoo..., se:cdpVersion: 142.0.3595.94, setWindowRect: true, strictFileInteractability: false, timeouts: {implicit: 0, pageLoad: 300000, script: 30000}, unhandledPromptBehavior: dismiss and notify, webauthn:extension:credBlob: true, webauthn:extension:largeBlob: true, webauthn:extension:minPinLength: true, webauthn:extension:prf: true, webauthn:virtualAuthenticators: true}&#10;Element: [[EdgeDriver: MicrosoftEdge on windows (1077acfd2efe67c2e2632f761ca05d19)] -&gt; xpath: /html/body/div[3]/section/article/div[3]/div/div/div[2]/ul/li[1]]&#10;Session ID: 1077acfd2efe67c2e2632f761ca05d19" type="org.openqa.selenium.ElementClickInterceptedException"><![CDATA[org.openqa.selenium.ElementClickInterceptedException: 
element click intercepted: Element <li ng-repeat="product in [] | productsFilterForCategoriesProduct:searchResult:minPriceToFilter:maxPriceToFilter:productsInclude" ng-click="$location.path('/product/' + product.productId)" class="ng-scope">...</li> is not clickable at point (357, 102). Other element would receive the click: <nav class="pages categoryDataFixedNav fixed" data-ng-class="{ fixedImportant : viewAll }">...</nav>
  (Session info: MicrosoftEdge=142.0.3595.94)
Build info: version: '4.38.0', revision: '6b412e825c*'
System info: os.name: 'Windows 10', os.arch: 'amd64', os.version: '10.0', java.version: '21.0.8'
Driver info: org.openqa.selenium.edge.EdgeDriver
Command: [1077acfd2efe67c2e2632f761ca05d19, clickElement {id=f.D596AE892E756457637C76CFB4CF9D9D.d.1AEF09113186797733F9651BE5550B29.e.122}]
Capabilities {acceptInsecureCerts: false, browserName: MicrosoftEdge, browserVersion: 142.0.3595.94, fedcm:accounts: true, goog:processID: 5812, ms:edgeOptions: {debuggerAddress: localhost:53604}, msedge: {msedgedriverVersion: 142.0.3595.94 (6565d6e52817..., userDataDir: C:\Windows\SystemTemp\scope...}, networkConnectionEnabled: false, pageLoadStrategy: normal, platformName: windows, proxy: Proxy(), se:cdp: ws://localhost:53604/devtoo..., se:cdpVersion: 142.0.3595.94, setWindowRect: true, strictFileInteractability: false, timeouts: {implicit: 0, pageLoad: 300000, script: 30000}, unhandledPromptBehavior: dismiss and notify, webauthn:extension:credBlob: true, webauthn:extension:largeBlob: true, webauthn:extension:minPinLength: true, webauthn:extension:prf: true, webauthn:virtualAuthenticators: true}
Element: [[EdgeDriver: MicrosoftEdge on windows (1077acfd2efe67c2e2632f761ca05d19)] -> xpath: /html/body/div[3]/section/article/div[3]/div/div/div[2]/ul/li[1]]
Session ID: 1077acfd2efe67c2e2632f761ca05d19
	at java.base/jdk.internal.reflect.DirectConstructorHandleAccessor.newInstance(DirectConstructorHandleAccessor.java:62)
	at java.base/java.lang.reflect.Constructor.newInstanceWithCaller(Constructor.java:502)
	at java.base/java.lang.reflect.Constructor.newInstance(Constructor.java:486)
	at org.openqa.selenium.remote.ErrorCodec.decode(ErrorCodec.java:167)
	at org.openqa.selenium.remote.codec.w3c.W3CHttpResponseCodec.decode(W3CHttpResponseCodec.java:138)
	at org.openqa.selenium.remote.codec.w3c.W3CHttpResponseCodec.decode(W3CHttpResponseCodec.java:50)
	at org.openqa.selenium.remote.HttpCommandExecutor.execute(HttpCommandExecutor.java:215)
	at org.openqa.selenium.remote.service.DriverCommandExecutor.invokeExecute(DriverCommandExecutor.java:216)
	at org.openqa.selenium.remote.service.DriverCommandExecutor.execute(DriverCommandExecutor.java:174)
	at org.openqa.selenium.remote.RemoteWebDriver.execute(RemoteWebDriver.java:557)
	at org.openqa.selenium.remote.RemoteWebElement.execute(RemoteWebElement.java:223)
	at org.openqa.selenium.remote.RemoteWebElement.click(RemoteWebElement.java:76)
	at pageObject.LaptopPage.validateOSResults(LaptopPage.java:47)
	at steps.tc2.user_should_see_laptops_that_match_the_selected_os(tc2.java:50)
	at ✽.user should see laptops that match the selected OS(file:///D:/selenium%20demo/capstone_project/features/filter.feature:5)
]]></failure>
    <system-out><![CDATA[The user in the Home page
The user selects the laptop page
The user selects the OS filter
]]></system-out>
  </testcase>
  <testcase name="runScenario[&quot;User filters laptops by the processor&quot;, &quot;user view product by filters&quot;](5)" classname="testrunner" time="29.05">
    <failure message="no such element: Unable to locate element: {&quot;method&quot;:&quot;xpath&quot;,&quot;selector&quot;:&quot;//*[contains(text(),&apos;Processor_0&apos;)]&quot;}&#10;  (Session info: MicrosoftEdge=142.0.3595.94)&#10;For documentation on this error, please visit: https://www.selenium.dev/documentation/webdriver/troubleshooting/errors#nosuchelementexception&#10;Build info: version: &apos;4.38.0&apos;, revision: &apos;6b412e825c*&apos;&#10;System info: os.name: &apos;Windows 10&apos;, os.arch: &apos;amd64&apos;, os.version: &apos;10.0&apos;, java.version: &apos;21.0.8&apos;&#10;Driver info: org.openqa.selenium.edge.EdgeDriver&#10;Command: [10e22f9b5c07cc16f66626d3b8d5c961, findElement {using=xpath, value=//*[contains(text(),&apos;Processor_0&apos;)]}]&#10;Capabilities {acceptInsecureCerts: false, browserName: MicrosoftEdge, browserVersion: 142.0.3595.94, fedcm:accounts: true, goog:processID: 9344, ms:edgeOptions: {debuggerAddress: localhost:53645}, msedge: {msedgedriverVersion: 142.0.3595.94 (6565d6e52817..., userDataDir: C:\Windows\SystemTemp\scope...}, networkConnectionEnabled: false, pageLoadStrategy: normal, platformName: windows, proxy: Proxy(), se:cdp: ws://localhost:53645/devtoo..., se:cdpVersion: 142.0.3595.94, setWindowRect: true, strictFileInteractability: false, timeouts: {implicit: 0, pageLoad: 300000, script: 30000}, unhandledPromptBehavior: dismiss and notify, webauthn:extension:credBlob: true, webauthn:extension:largeBlob: true, webauthn:extension:minPinLength: true, webauthn:extension:prf: true, webauthn:virtualAuthenticators: true}&#10;Session ID: 10e22f9b5c07cc16f66626d3b8d5c961" type="org.openqa.selenium.NoSuchElementException"><![CDATA[org.openqa.selenium.NoSuchElementException: 
no such element: Unable to locate element: {"method":"xpath","selector":"//*[contains(text(),'Processor_0')]"}
  (Session info: MicrosoftEdge=142.0.3595.94)
For documentation on this error, please visit: https://www.selenium.dev/documentation/webdriver/troubleshooting/errors#nosuchelementexception
Build info: version: '4.38.0', revision: '6b412e825c*'
System info: os.name: 'Windows 10', os.arch: 'amd64', os.version: '10.0', java.version: '21.0.8'
Driver info: org.openqa.selenium.edge.EdgeDriver
Command: [10e22f9b5c07cc16f66626d3b8d5c961, findElement {using=xpath, value=//*[contains(text(),'Processor_0')]}]
Capabilities {acceptInsecureCerts: false, browserName: MicrosoftEdge, browserVersion: 142.0.3595.94, fedcm:accounts: true, goog:processID: 9344, ms:edgeOptions: {debuggerAddress: localhost:53645}, msedge: {msedgedriverVersion: 142.0.3595.94 (6565d6e52817..., userDataDir: C:\Windows\SystemTemp\scope...}, networkConnectionEnabled: false, pageLoadStrategy: normal, platformName: windows, proxy: Proxy(), se:cdp: ws://localhost:53645/devtoo..., se:cdpVersion: 142.0.3595.94, setWindowRect: true, strictFileInteractability: false, timeouts: {implicit: 0, pageLoad: 300000, script: 30000}, unhandledPromptBehavior: dismiss and notify, webauthn:extension:credBlob: true, webauthn:extension:largeBlob: true, webauthn:extension:minPinLength: true, webauthn:extension:prf: true, webauthn:virtualAuthenticators: true}
Session ID: 10e22f9b5c07cc16f66626d3b8d5c961
	at java.base/jdk.internal.reflect.DirectConstructorHandleAccessor.newInstance(DirectConstructorHandleAccessor.java:62)
	at java.base/java.lang.reflect.Constructor.newInstanceWithCaller(Constructor.java:502)
	at java.base/java.lang.reflect.Constructor.newInstance(Constructor.java:486)
	at org.openqa.selenium.remote.ErrorCodec.decode(ErrorCodec.java:167)
	at org.openqa.selenium.remote.codec.w3c.W3CHttpResponseCodec.decode(W3CHttpResponseCodec.java:138)
	at org.openqa.selenium.remote.codec.w3c.W3CHttpResponseCodec.decode(W3CHttpResponseCodec.java:50)
	at org.openqa.selenium.remote.HttpCommandExecutor.execute(HttpCommandExecutor.java:215)
	at org.openqa.selenium.remote.service.DriverCommandExecutor.invokeExecute(DriverCommandExecutor.java:216)
	at org.openqa.selenium.remote.service.DriverCommandExecutor.execute(DriverCommandExecutor.java:174)
	at org.openqa.selenium.remote.RemoteWebDriver.execute(RemoteWebDriver.java:557)
	at org.openqa.selenium.remote.ElementLocation$ElementFinder$2.findElement(ElementLocation.java:165)
	at org.openqa.selenium.remote.ElementLocation.findElement(ElementLocation.java:59)
	at org.openqa.selenium.remote.RemoteWebDriver.findElement(RemoteWebDriver.java:380)
	at org.openqa.selenium.remote.RemoteWebDriver.findElement(RemoteWebDriver.java:374)
	at pageObject.LaptopPage.validateProcessorResults(LaptopPage.java:99)
	at steps.testcase_processor.the_displayed_laptops_should_have_in_selected_processor(testcase_processor.java:28)
	at ✽.the displayed laptops should have in selected processor(file:///D:/selenium%20demo/capstone_project/features/filter.feature:17)
]]></failure>
  </testcase>
  <testcase name="runScenario[&quot;Login with valid value&quot;, &quot;Login to the application&quot;](6)" classname="testrunner" time="19.724">
    <system-out><![CDATA[The user in the login page to login with valid details
The user should be able to login to the Home page
]]></system-out>
  </testcase>
  <testcase name="runScenario[&quot;login with invalid value&quot;, &quot;Login to the application&quot;](7)" classname="testrunner" time="14.788">
    <system-out><![CDATA[The user in the login page to login with valid details
The user should be not able to login to the Home page
]]></system-out>
  </testcase>
  <testcase name="runScenario[&quot;User enters valid SafePay credentials&quot;, &quot;SafePay Payment Validation&quot;](8)" classname="testrunner" time="35.677"/>
  <testcase name="runScenario[&quot;User enters invalid SafePay credentials&quot;, &quot;SafePay Payment Validation&quot;](9)" classname="testrunner" time="52.875"/>
  <testcase name="runScenario[&quot;check available products details&quot;, &quot;Check product details&quot;](10)" classname="testrunner" time="35.33"/>
  <testcase name="runScenario[&quot;check unavailable products details&quot;, &quot;Check product details&quot;](11)" classname="testrunner" time="27.591"/>
</testsuite>