<?xml version="1.0" encoding="UTF-8"?>
<testng-results ignored="0" total="11" passed="11" failed="0" skipped="0">
  <reporter-output>
  </reporter-output>
  <suite started-at="2025-12-02T13:58:35 IST" name="Suite" finished-at="2025-12-02T14:03:35 IST" duration-ms="299275">
    <groups>
      <group name="cucumber">
        <method signature="AbstractTestNGCucumberTests.runScenario(io.cucumber.testng.PickleWrapper, io.cucumber.testng.FeatureWrapper)[pri:0, instance:testrunner@4cc8eb05]" name="runScenario" class="io.cucumber.testng.AbstractTestNGCucumberTests"/>
      </group> <!-- cucumber -->
    </groups>
    <test started-at="2025-12-02T13:58:35 IST" name="testrunner" finished-at="2025-12-02T14:03:35 IST" duration-ms="299275">
      <class name="utilities.reportGenerator">
        <test-method is-config="true" signature="startReport()[pri:0, instance:utilities.reportGenerator@770d3326]" started-at="2025-12-02T13:58:35 IST" name="startReport" finished-at="2025-12-02T13:58:35 IST" duration-ms="149" status="PASS">
          <reporter-output>
          </reporter-output>
        </test-method> <!-- startReport -->
        <test-method is-config="true" signature="endReport()[pri:0, instance:utilities.reportGenerator@770d3326]" started-at="2025-12-02T14:03:35 IST" name="endReport" finished-at="2025-12-02T14:03:35 IST" duration-ms="228" status="PASS">
          <reporter-output>
          </reporter-output>
        </test-method> <!-- endReport -->
      </class> <!-- utilities.reportGenerator -->
      <class name="testrunner">
        <test-method is-config="true" signature="setUpClass()[pri:0, instance:testrunner@4cc8eb05]" started-at="2025-12-02T13:58:35 IST" name="setUpClass" finished-at="2025-12-02T13:58:36 IST" duration-ms="481" status="PASS">
          <reporter-output>
          </reporter-output>
        </test-method> <!-- setUpClass -->
        <test-method signature="runScenario(io.cucumber.testng.PickleWrapper, io.cucumber.testng.FeatureWrapper)[pri:0, instance:testrunner@4cc8eb05]" started-at="2025-12-02T13:58:36 IST" name="runScenario" description="Runs Cucumber Scenarios" data-provider="scenarios" finished-at="2025-12-02T13:58:58 IST" duration-ms="22601" status="PASS">
          <params>
            <param index="0">
              <value>
                <![CDATA["Verify OS filter for multiple OS types"]]>
              </value>
            </param>
            <param index="1">
              <value>
                <![CDATA["Optional[user view product by filters]"]]>
              </value>
            </param>
          </params>
          <reporter-output>
          </reporter-output>
        </test-method> <!-- runScenario -->
        <test-method signature="runScenario(io.cucumber.testng.PickleWrapper, io.cucumber.testng.FeatureWrapper)[pri:0, instance:testrunner@4cc8eb05]" started-at="2025-12-02T13:58:58 IST" name="runScenario" description="Runs Cucumber Scenarios" data-provider="scenarios" finished-at="2025-12-02T13:59:19 IST" duration-ms="20953" status="PASS">
          <params>
            <param index="0">
              <value>
                <![CDATA["Verify OS filter for multiple OS types"]]>
              </value>
            </param>
            <param index="1">
              <value>
                <![CDATA["Optional[user view product by filters]"]]>
              </value>
            </param>
          </params>
          <reporter-output>
          </reporter-output>
        </test-method> <!-- runScenario -->
        <test-method signature="runScenario(io.cucumber.testng.PickleWrapper, io.cucumber.testng.FeatureWrapper)[pri:0, instance:testrunner@4cc8eb05]" started-at="2025-12-02T13:59:19 IST" name="runScenario" description="Runs Cucumber Scenarios" data-provider="scenarios" finished-at="2025-12-02T13:59:41 IST" duration-ms="21310" status="PASS">
          <params>
            <param index="0">
              <value>
                <![CDATA["Verify OS filter for multiple OS types"]]>
              </value>
            </param>
            <param index="1">
              <value>
                <![CDATA["Optional[user view product by filters]"]]>
              </value>
            </param>
          </params>
          <reporter-output>
          </reporter-output>
        </test-method> <!-- runScenario -->
        <test-method signature="runScenario(io.cucumber.testng.PickleWrapper, io.cucumber.testng.FeatureWrapper)[pri:0, instance:testrunner@4cc8eb05]" started-at="2025-12-02T13:59:41 IST" name="runScenario" description="Runs Cucumber Scenarios" data-provider="scenarios" finished-at="2025-12-02T14:00:02 IST" duration-ms="21020" status="PASS">
          <params>
            <param index="0">
              <value>
                <![CDATA["Verify OS filter for multiple OS types"]]>
              </value>
            </param>
            <param index="1">
              <value>
                <![CDATA["Optional[user view product by filters]"]]>
              </value>
            </param>
          </params>
          <reporter-output>
          </reporter-output>
        </test-method> <!-- runScenario -->
        <test-method signature="runScenario(io.cucumber.testng.PickleWrapper, io.cucumber.testng.FeatureWrapper)[pri:0, instance:testrunner@4cc8eb05]" started-at="2025-12-02T14:00:02 IST" name="runScenario" description="Runs Cucumber Scenarios" data-provider="scenarios" finished-at="2025-12-02T14:00:20 IST" duration-ms="18522" status="PASS">
          <params>
            <param index="0">
              <value>
                <![CDATA["User filters laptops by the processor"]]>
              </value>
            </param>
            <param index="1">
              <value>
                <![CDATA["Optional[user view product by filters]"]]>
              </value>
            </param>
          </params>
          <reporter-output>
          </reporter-output>
        </test-method> <!-- runScenario -->
        <test-method signature="runScenario(io.cucumber.testng.PickleWrapper, io.cucumber.testng.FeatureWrapper)[pri:0, instance:testrunner@4cc8eb05]" started-at="2025-12-02T14:00:20 IST" name="runScenario" description="Runs Cucumber Scenarios" data-provider="scenarios" finished-at="2025-12-02T14:00:40 IST" duration-ms="19299" status="PASS">
          <params>
            <param index="0">
              <value>
                <![CDATA["Login with valid value"]]>
              </value>
            </param>
            <param index="1">
              <value>
                <![CDATA["Optional[Login to the application]"]]>
              </value>
            </param>
          </params>
          <reporter-output>
          </reporter-output>
        </test-method> <!-- runScenario -->
        <test-method signature="runScenario(io.cucumber.testng.PickleWrapper, io.cucumber.testng.FeatureWrapper)[pri:0, instance:testrunner@4cc8eb05]" started-at="2025-12-02T14:00:40 IST" name="runScenario" description="Runs Cucumber Scenarios" data-provider="scenarios" finished-at="2025-12-02T14:00:55 IST" duration-ms="15314" status="PASS">
          <params>
            <param index="0">
              <value>
                <![CDATA["login with invalid value"]]>
              </value>
            </param>
            <param index="1">
              <value>
                <![CDATA["Optional[Login to the application]"]]>
              </value>
            </param>
          </params>
          <reporter-output>
          </reporter-output>
        </test-method> <!-- runScenario -->
        <test-method signature="runScenario(io.cucumber.testng.PickleWrapper, io.cucumber.testng.FeatureWrapper)[pri:0, instance:testrunner@4cc8eb05]" started-at="2025-12-02T14:00:55 IST" name="runScenario" description="Runs Cucumber Scenarios" data-provider="scenarios" finished-at="2025-12-02T14:01:32 IST" duration-ms="36954" status="PASS">
          <params>
            <param index="0">
              <value>
                <![CDATA["User enters valid SafePay credentials"]]>
              </value>
            </param>
            <param index="1">
              <value>
                <![CDATA["Optional[SafePay Payment Validation]"]]>
              </value>
            </param>
          </params>
          <reporter-output>
          </reporter-output>
        </test-method> <!-- runScenario -->
        <test-method signature="runScenario(io.cucumber.testng.PickleWrapper, io.cucumber.testng.FeatureWrapper)[pri:0, instance:testrunner@4cc8eb05]" started-at="2025-12-02T14:01:32 IST" name="runScenario" description="Runs Cucumber Scenarios" data-provider="scenarios" finished-at="2025-12-02T14:02:30 IST" duration-ms="58155" status="PASS">
          <params>
            <param index="0">
              <value>
                <![CDATA["User enters invalid SafePay credentials"]]>
              </value>
            </param>
            <param index="1">
              <value>
                <![CDATA["Optional[SafePay Payment Validation]"]]>
              </value>
            </param>
          </params>
          <reporter-output>
          </reporter-output>
        </test-method> <!-- runScenario -->
        <test-method signature="runScenario(io.cucumber.testng.PickleWrapper, io.cucumber.testng.FeatureWrapper)[pri:0, instance:testrunner@4cc8eb05]" started-at="2025-12-02T14:02:30 IST" name="runScenario" description="Runs Cucumber Scenarios" data-provider="scenarios" finished-at="2025-12-02T14:03:06 IST" duration-ms="35981" status="PASS">
          <params>
            <param index="0">
              <value>
                <![CDATA["check available products details"]]>
              </value>
            </param>
            <param index="1">
              <value>
                <![CDATA["Optional[Check product details]"]]>
              </value>
            </param>
          </params>
          <reporter-output>
          </reporter-output>
        </test-method> <!-- runScenario -->
        <test-method signature="runScenario(io.cucumber.testng.PickleWrapper, io.cucumber.testng.FeatureWrapper)[pri:0, instance:testrunner@4cc8eb05]" started-at="2025-12-02T14:03:06 IST" name="runScenario" description="Runs Cucumber Scenarios" data-provider="scenarios" finished-at="2025-12-02T14:03:35 IST" duration-ms="28591" status="PASS">
          <params>
            <param index="0">
              <value>
                <![CDATA["check unavailable products details"]]>
              </value>
            </param>
            <param index="1">
              <value>
                <![CDATA["Optional[Check product details]"]]>
              </value>
            </param>
          </params>
          <reporter-output>
          </reporter-output>
        </test-method> <!-- runScenario -->
        <test-method is-config="true" signature="tearDownClass()[pri:0, instance:testrunner@4cc8eb05]" started-at="2025-12-02T14:03:35 IST" name="tearDownClass" finished-at="2025-12-02T14:03:35 IST" duration-ms="54" status="PASS">
          <reporter-output>
          </reporter-output>
        </test-method> <!-- tearDownClass -->
      </class> <!-- testrunner -->
    </test> <!-- testrunner -->
  </suite> <!-- Suite -->
</testng-results>
