<?xml version="1.0" encoding="UTF-8"?>
<testng-results ignored="0" total="1" passed="1" failed="0" skipped="0">
  <reporter-output>
  </reporter-output>
  <suite started-at="2025-11-25T20:02:35 IST" name="Default suite" finished-at="2025-11-25T20:02:40 IST" duration-ms="4776">
    <groups>
    </groups>
    <test started-at="2025-11-25T20:02:35 IST" name="Default test" finished-at="2025-11-25T20:02:40 IST" duration-ms="4776">
      <class name="steps.testcase1_login">
        <test-method signature="the_user_in_the_login_page_to_login_with_valid_details()[pri:0, instance:steps.testcase1_login@4a83a74a]" started-at="2025-11-25T20:02:35 IST" name="the_user_in_the_login_page_to_login_with_valid_details" finished-at="2025-11-25T20:02:40 IST" duration-ms="4730" status="PASS">
          <reporter-output>
          </reporter-output>
        </test-method> <!-- the_user_in_the_login_page_to_login_with_valid_details -->
        <test-method is-config="true" signature="endReport()[pri:0, instance:steps.testcase1_login@4a83a74a]" started-at="2025-11-25T20:02:40 IST" name="endReport" finished-at="2025-11-25T20:02:40 IST" duration-ms="461" status="PASS">
          <reporter-output>
          </reporter-output>
        </test-method> <!-- endReport -->
      </class> <!-- steps.testcase1_login -->
    </test> <!-- Default test -->
  </suite> <!-- Default suite -->
</testng-results>
