<?xml version="1.0" encoding="UTF-8"?>
<!-- Generated by org.testng.reporters.JUnitReportReporter -->
<testsuite hostname="d38bbb4d1bf95c5" failures="0" tests="11" name="testrunner" time="285.242" errors="0" timestamp="2025-12-02T17:49:53 IST" skipped="0">
  <testcase classname="testrunner" name="runScenario" time="17.983"/>
  <system-out/>
  <testcase classname="testrunner" name="runScenario" time="22.916"/>
  <system-out/>
  <testcase classname="testrunner" name="runScenario" time="17.884"/>
  <system-out/>
  <testcase classname="testrunner" name="runScenario" time="17.676"/>
  <system-out/>
  <testcase classname="testrunner" name="runScenario" time="28.491"/>
  <system-out/>
  <testcase classname="testrunner" name="runScenario" time="21.111"/>
  <system-out/>
  <testcase classname="testrunner" name="runScenario" time="36.345"/>
  <system-out/>
  <testcase classname="testrunner" name="runScenario" time="20.989"/>
  <system-out/>
  <testcase classname="testrunner" name="runScenario" time="44.571"/>
  <system-out/>
  <testcase classname="testrunner" name="runScenario" time="35.796"/>
  <system-out/>
  <testcase classname="testrunner" name="runScenario" time="21.480"/>
  <system-out/>
</testsuite> <!-- testrunner -->
