<?xml version="1.0" encoding="UTF-8"?>
<!-- Generated by org.testng.reporters.JUnitReportReporter -->
<testsuite hostname="d38bbb4d1bf95c5" failures="0" tests="11" name="testrunner" time="300.386" errors="2" timestamp="2025-11-29T15:47:58 IST" skipped="0">
  <testcase classname="testrunner" name="runScenario" time="21.574"/>
  <system-out/>
  <testcase classname="testrunner" name="runScenario" time="52.874"/>
  <system-out/>
  <testcase classname="testrunner" name="runScenario" time="35.330"/>
  <system-out/>
  <testcase classname="testrunner" name="runScenario" time="14.788"/>
  <system-out/>
  <testcase classname="testrunner" name="runScenario" time="35.675"/>
  <system-out/>
  <testcase classname="testrunner" name="runScenario" time="27.591"/>
  <system-out/>
  <testcase classname="testrunner" name="runScenario" time="19.724"/>
  <system-out/>
  <testcase classname="testrunner" name="runScenario" time="22.115">
    <error message="element click intercepted: Element &lt;li ng-repeat=&quot;product in [] | productsFilterForCategoriesProduct:searchResult:minPriceToFilter:maxPriceToFilter:productsInclude&quot; ng-click=&quot;$location.path(&#039;/product/&#039; + product.productId)&quot; class=&quot;ng-scope&quot;&gt;...&lt;/li&gt; is not clickable at point (357, 102). Other element would receive the click: &lt;nav class=&quot;pages categoryDataFixedNav fixed&quot; data-ng-class=&quot;{ fixedImportant : viewAll }&quot;&gt;...&lt;/nav&gt;
  (Session info: MicrosoftEdge=142.0.3595.94)
Build info: version: &#039;4.38.0&#039;, revision: &#039;6b412e825c*&#039;
System info: os.name: &#039;Windows 10&#039;, os.arch: &#039;amd64&#039;, os.version: &#039;10.0&#039;, java.version: &#039;21.0.8&#039;
Driver info: org.openqa.selenium.edge.EdgeDriver
Command: [1077acfd2efe67c2e2632f761ca05d19, clickElement {id=f.D596AE892E756457637C76CFB4CF9D9D.d.1AEF09113186797733F9651BE5550B29.e.122}]
Capabilities {acceptInsecureCerts: false, browserName: MicrosoftEdge, browserVersion: 142.0.3595.94, fedcm:accounts: true, goog:processID: 5812, ms:edgeOptions: {debuggerAddress: localhost:53604}, msedge: {msedgedriverVersion: 142.0.3595.94 (6565d6e52817..., userDataDir: C:\Windows\SystemTemp\scope...}, networkConnectionEnabled: false, pageLoadStrategy: normal, platformName: windows, proxy: Proxy(), se:cdp: ws://localhost:53604/devtoo..., se:cdpVersion: 142.0.3595.94, setWindowRect: true, strictFileInteractability: false, timeouts: {implicit: 0, pageLoad: 300000, script: 30000}, unhandledPromptBehavior: dismiss and notify, webauthn:extension:credBlob: true, webauthn:extension:largeBlob: true, webauthn:extension:minPinLength: true, webauthn:extension:prf: true, webauthn:virtualAuthenticators: true}
Element: [[EdgeDriver: MicrosoftEdge on windows (1077acfd2efe67c2e2632f761ca05d19)] -&gt; xpath: /html/body/div[3]/section/article/div[3]/div/div/div[2]/ul/li[1]]
Session ID: 1077acfd2efe67c2e2632f761ca05d19" type="org.openqa.selenium.ElementClickInterceptedException">
      <![CDATA[org.openqa.selenium.ElementClickInterceptedException: element click intercepted: Element <li ng-repeat="product in [] | productsFilterForCategoriesProduct:searchResult:minPriceToFilter:maxPriceToFilter:productsInclude" ng-click="$location.path('/product/' + product.productId)" class="ng-scope">...</li> is not clickable at point (357, 102). Other element would receive the click: <nav class="pages categoryDataFixedNav fixed" data-ng-class="{ fixedImportant : viewAll }">...</nav>
  (Session info: MicrosoftEdge=142.0.3595.94)
Build info: version: '4.38.0', revision: '6b412e825c*'
System info: os.name: 'Windows 10', os.arch: 'amd64', os.version: '10.0', java.version: '21.0.8'
Driver info: org.openqa.selenium.edge.EdgeDriver
Command: [1077acfd2efe67c2e2632f761ca05d19, clickElement {id=f.D596AE892E756457637C76CFB4CF9D9D.d.1AEF09113186797733F9651BE5550B29.e.122}]
Capabilities {acceptInsecureCerts: false, browserName: MicrosoftEdge, browserVersion: 142.0.3595.94, fedcm:accounts: true, goog:processID: 5812, ms:edgeOptions: {debuggerAddress: localhost:53604}, msedge: {msedgedriverVersion: 142.0.3595.94 (6565d6e52817..., userDataDir: C:\Windows\SystemTemp\scope...}, networkConnectionEnabled: false, pageLoadStrategy: normal, platformName: windows, proxy: Proxy(), se:cdp: ws://localhost:53604/devtoo..., se:cdpVersion: 142.0.3595.94, setWindowRect: true, strictFileInteractability: false, timeouts: {implicit: 0, pageLoad: 300000, script: 30000}, unhandledPromptBehavior: dismiss and notify, webauthn:extension:credBlob: true, webauthn:extension:largeBlob: true, webauthn:extension:minPinLength: true, webauthn:extension:prf: true, webauthn:virtualAuthenticators: true}
Element: [[EdgeDriver: MicrosoftEdge on windows (1077acfd2efe67c2e2632f761ca05d19)] -> xpath: /html/body/div[3]/section/article/div[3]/div/div/div[2]/ul/li[1]]
Session ID: 1077acfd2efe67c2e2632f761ca05d19
at java.base/jdk.internal.reflect.DirectConstructorHandleAccessor.newInstance(DirectConstructorHandleAccessor.java:62)
at java.base/java.lang.reflect.Constructor.newInstanceWithCaller(Constructor.java:502)
at java.base/java.lang.reflect.Constructor.newInstance(Constructor.java:486)
at org.openqa.selenium.remote.ErrorCodec.decode(ErrorCodec.java:167)
at org.openqa.selenium.remote.codec.w3c.W3CHttpResponseCodec.decode(W3CHttpResponseCodec.java:138)
at org.openqa.selenium.remote.codec.w3c.W3CHttpResponseCodec.decode(W3CHttpResponseCodec.java:50)
at org.openqa.selenium.remote.HttpCommandExecutor.execute(HttpCommandExecutor.java:215)
at org.openqa.selenium.remote.service.DriverCommandExecutor.invokeExecute(DriverCommandExecutor.java:216)
at org.openqa.selenium.remote.service.DriverCommandExecutor.execute(DriverCommandExecutor.java:174)
at org.openqa.selenium.remote.RemoteWebDriver.execute(RemoteWebDriver.java:557)
at org.openqa.selenium.remote.RemoteWebElement.execute(RemoteWebElement.java:223)
at org.openqa.selenium.remote.RemoteWebElement.click(RemoteWebElement.java:76)
at pageObject.LaptopPage.validateOSResults(LaptopPage.java:47)
at steps.tc2.user_should_see_laptops_that_match_the_selected_os(tc2.java:50)
at ✽.user should see laptops that match the selected OS(file:///D:/selenium%20demo/capstone_project/features/filter.feature:5)
]]>
    </error>
  </testcase> <!-- runScenario -->
  <system-out/>
  <testcase classname="testrunner" name="runScenario" time="20.794"/>
  <system-out/>
  <testcase classname="testrunner" name="runScenario" time="29.048">
    <error message="no such element: Unable to locate element: {&quot;method&quot;:&quot;xpath&quot;,&quot;selector&quot;:&quot;//*[contains(text(),&#039;Processor_0&#039;)]&quot;}
  (Session info: MicrosoftEdge=142.0.3595.94)
For documentation on this error, please visit: https://www.selenium.dev/documentation/webdriver/troubleshooting/errors#nosuchelementexception
Build info: version: &#039;4.38.0&#039;, revision: &#039;6b412e825c*&#039;
System info: os.name: &#039;Windows 10&#039;, os.arch: &#039;amd64&#039;, os.version: &#039;10.0&#039;, java.version: &#039;21.0.8&#039;
Driver info: org.openqa.selenium.edge.EdgeDriver
Command: [10e22f9b5c07cc16f66626d3b8d5c961, findElement {using=xpath, value=//*[contains(text(),&#039;Processor_0&#039;)]}]
Capabilities {acceptInsecureCerts: false, browserName: MicrosoftEdge, browserVersion: 142.0.3595.94, fedcm:accounts: true, goog:processID: 9344, ms:edgeOptions: {debuggerAddress: localhost:53645}, msedge: {msedgedriverVersion: 142.0.3595.94 (6565d6e52817..., userDataDir: C:\Windows\SystemTemp\scope...}, networkConnectionEnabled: false, pageLoadStrategy: normal, platformName: windows, proxy: Proxy(), se:cdp: ws://localhost:53645/devtoo..., se:cdpVersion: 142.0.3595.94, setWindowRect: true, strictFileInteractability: false, timeouts: {implicit: 0, pageLoad: 300000, script: 30000}, unhandledPromptBehavior: dismiss and notify, webauthn:extension:credBlob: true, webauthn:extension:largeBlob: true, webauthn:extension:minPinLength: true, webauthn:extension:prf: true, webauthn:virtualAuthenticators: true}
Session ID: 10e22f9b5c07cc16f66626d3b8d5c961" type="org.openqa.selenium.NoSuchElementException">
      <![CDATA[org.openqa.selenium.NoSuchElementException: no such element: Unable to locate element: {"method":"xpath","selector":"//*[contains(text(),'Processor_0')]"}
  (Session info: MicrosoftEdge=142.0.3595.94)
For documentation on this error, please visit: https://www.selenium.dev/documentation/webdriver/troubleshooting/errors#nosuchelementexception
Build info: version: '4.38.0', revision: '6b412e825c*'
System info: os.name: 'Windows 10', os.arch: 'amd64', os.version: '10.0', java.version: '21.0.8'
Driver info: org.openqa.selenium.edge.EdgeDriver
Command: [10e22f9b5c07cc16f66626d3b8d5c961, findElement {using=xpath, value=//*[contains(text(),'Processor_0')]}]
Capabilities {acceptInsecureCerts: false, browserName: MicrosoftEdge, browserVersion: 142.0.3595.94, fedcm:accounts: true, goog:processID: 9344, ms:edgeOptions: {debuggerAddress: localhost:53645}, msedge: {msedgedriverVersion: 142.0.3595.94 (6565d6e52817..., userDataDir: C:\Windows\SystemTemp\scope...}, networkConnectionEnabled: false, pageLoadStrategy: normal, platformName: windows, proxy: Proxy(), se:cdp: ws://localhost:53645/devtoo..., se:cdpVersion: 142.0.3595.94, setWindowRect: true, strictFileInteractability: false, timeouts: {implicit: 0, pageLoad: 300000, script: 30000}, unhandledPromptBehavior: dismiss and notify, webauthn:extension:credBlob: true, webauthn:extension:largeBlob: true, webauthn:extension:minPinLength: true, webauthn:extension:prf: true, webauthn:virtualAuthenticators: true}
Session ID: 10e22f9b5c07cc16f66626d3b8d5c961
at java.base/jdk.internal.reflect.DirectConstructorHandleAccessor.newInstance(DirectConstructorHandleAccessor.java:62)
at java.base/java.lang.reflect.Constructor.newInstanceWithCaller(Constructor.java:502)
at java.base/java.lang.reflect.Constructor.newInstance(Constructor.java:486)
at org.openqa.selenium.remote.ErrorCodec.decode(ErrorCodec.java:167)
at org.openqa.selenium.remote.codec.w3c.W3CHttpResponseCodec.decode(W3CHttpResponseCodec.java:138)
at org.openqa.selenium.remote.codec.w3c.W3CHttpResponseCodec.decode(W3CHttpResponseCodec.java:50)
at org.openqa.selenium.remote.HttpCommandExecutor.execute(HttpCommandExecutor.java:215)
at org.openqa.selenium.remote.service.DriverCommandExecutor.invokeExecute(DriverCommandExecutor.java:216)
at org.openqa.selenium.remote.service.DriverCommandExecutor.execute(DriverCommandExecutor.java:174)
at org.openqa.selenium.remote.RemoteWebDriver.execute(RemoteWebDriver.java:557)
at org.openqa.selenium.remote.ElementLocation$ElementFinder$2.findElement(ElementLocation.java:165)
at org.openqa.selenium.remote.ElementLocation.findElement(ElementLocation.java:59)
at org.openqa.selenium.remote.RemoteWebDriver.findElement(RemoteWebDriver.java:380)
at org.openqa.selenium.remote.RemoteWebDriver.findElement(RemoteWebDriver.java:374)
at pageObject.LaptopPage.validateProcessorResults(LaptopPage.java:99)
at steps.testcase_processor.the_displayed_laptops_should_have_in_selected_processor(testcase_processor.java:28)
at ✽.the displayed laptops should have in selected processor(file:///D:/selenium%20demo/capstone_project/features/filter.feature:17)
]]>
    </error>
  </testcase> <!-- runScenario -->
  <system-out/>
  <testcase classname="testrunner" name="runScenario" time="20.873"/>
  <system-out/>
</testsuite> <!-- testrunner -->
