<?xml version="1.0" encoding="UTF-8"?>
<!-- Generated by org.testng.reporters.JUnitReportReporter -->
<testsuite hostname="d38bbb4d1bf95c5" failures="0" tests="11" name="testrunner" time="298.700" errors="0" timestamp="2025-12-02T14:03:35 IST" skipped="0">
  <testcase classname="testrunner" name="runScenario" time="36.954"/>
  <system-out/>
  <testcase classname="testrunner" name="runScenario" time="28.591"/>
  <system-out/>
  <testcase classname="testrunner" name="runScenario" time="19.299"/>
  <system-out/>
  <testcase classname="testrunner" name="runScenario" time="35.981"/>
  <system-out/>
  <testcase classname="testrunner" name="runScenario" time="22.601"/>
  <system-out/>
  <testcase classname="testrunner" name="runScenario" time="21.020"/>
  <system-out/>
  <testcase classname="testrunner" name="runScenario" time="15.314"/>
  <system-out/>
  <testcase classname="testrunner" name="runScenario" time="58.155"/>
  <system-out/>
  <testcase classname="testrunner" name="runScenario" time="20.953"/>
  <system-out/>
  <testcase classname="testrunner" name="runScenario" time="18.522"/>
  <system-out/>
  <testcase classname="testrunner" name="runScenario" time="21.310"/>
  <system-out/>
</testsuite> <!-- testrunner -->
